Flow report for jiaotong
Fri Jun 02 09:25:22 2017
Quartus II Version 9.0 Build 132 02/25/2009 SJ Web Edition


---------------------
; Table of Contents ;
---------------------
  1. Legal Notice
  2. Flow Summary
  3. Flow Settings
  4. Flow Non-Default Global Settings
  5. Flow Elapsed Time
  6. Flow OS Summary
  7. Flow Log



----------------
; Legal Notice ;
----------------
Copyright (C) 1991-2009 Altera Corporation
Your use of Altera Corporation's design tools, logic functions 
and other software and tools, and its AMPP partner logic 
functions, and any output files from any of the foregoing 
(including device programming or simulation files), and any 
associated documentation or information are expressly subject 
to the terms and conditions of the Altera Program License 
Subscription Agreement, Altera MegaCore Function License 
Agreement, or other applicable license agreement, including, 
without limitation, that your use is for the sole purpose of 
programming logic devices manufactured by Altera and sold by 
Altera or its authorized distributors.  Please refer to the 
applicable agreement for further details.



+------------------------------------------------------------------------------+
; Flow Summary                                                                 ;
+------------------------------------+-----------------------------------------+
; Flow Status                        ; Successful - Fri Jun 02 09:25:14 2017   ;
; Quartus II Version                 ; 9.0 Build 132 02/25/2009 SJ Web Edition ;
; Revision Name                      ; jiaotong                                ;
; Top-level Entity Name              ; JIAOTONG                                ;
; Family                             ; Cyclone III                             ;
; Device                             ; EP3C10E144C8                            ;
; Timing Models                      ; Final                                   ;
; Met timing requirements            ; N/A                                     ;
; Total logic elements               ; 119 / 10,320 ( 1 % )                    ;
;     Total combinational functions  ; 106 / 10,320 ( 1 % )                    ;
;     Dedicated logic registers      ; 59 / 10,320 ( < 1 % )                   ;
; Total registers                    ; 59                                      ;
; Total pins                         ; 13 / 95 ( 14 % )                        ;
; Total virtual pins                 ; 0                                       ;
; Total memory bits                  ; 0 / 423,936 ( 0 % )                     ;
; Embedded Multiplier 9-bit elements ; 0 / 46 ( 0 % )                          ;
; Total PLLs                         ; 0 / 2 ( 0 % )                           ;
+------------------------------------+-----------------------------------------+


+-----------------------------------------+
; Flow Settings                           ;
+-------------------+---------------------+
; Option            ; Setting             ;
+-------------------+---------------------+
; Start date & time ; 06/02/2017 09:24:56 ;
; Main task         ; Compilation         ;
; Revision Name     ; jiaotong            ;
+-------------------+---------------------+


+------------------------------------------------------------------------------------------------------------------------+
; Flow Non-Default Global Settings                                                                                       ;
+------------------------------------+------------------------------------+---------------+-------------+----------------+
; Assignment Name                    ; Value                              ; Default Value ; Entity Name ; Section Id     ;
+------------------------------------+------------------------------------+---------------+-------------+----------------+
; COMPILER_SIGNATURE_ID              ; 35490508231250.149636669603032     ; --            ; --          ; --             ;
; MAX_CORE_JUNCTION_TEMP             ; 85                                 ; --            ; --          ; --             ;
; MIN_CORE_JUNCTION_TEMP             ; 0                                  ; --            ; --          ; --             ;
; MISC_FILE                          ; D:/Work/FPGA/project4/jiaotong.dpf ; --            ; --          ; --             ;
; NOMINAL_CORE_SUPPLY_VOLTAGE        ; 1.2V                               ; --            ; --          ; --             ;
; PARTITION_COLOR                    ; 16764057                           ; --            ; --          ; Top            ;
; PARTITION_NETLIST_TYPE             ; SOURCE                             ; --            ; --          ; Top            ;
; USE_GENERATED_PHYSICAL_CONSTRAINTS ; Off                                ; --            ; --          ; eda_blast_fpga ;
+------------------------------------+------------------------------------+---------------+-------------+----------------+


+-------------------------------------------------------------------------------------------------------------------------------+
; Flow Elapsed Time                                                                                                             ;
+---------------------------+--------------+-------------------------+---------------------+------------------------------------+
; Module Name               ; Elapsed Time ; Average Processors Used ; Peak Virtual Memory ; Total CPU Time (on all processors) ;
+---------------------------+--------------+-------------------------+---------------------+------------------------------------+
; Analysis & Synthesis      ; 00:00:04     ; 1.0                     ; 262 MB              ; 00:00:03                           ;
; Fitter                    ; 00:00:07     ; 1.0                     ; 310 MB              ; 00:00:06                           ;
; Assembler                 ; 00:00:04     ; 1.0                     ; 230 MB              ; 00:00:04                           ;
; TimeQuest Timing Analyzer ; 00:00:06     ; 1.0                     ; 259 MB              ; 00:00:05                           ;
; Total                     ; 00:00:21     ; --                      ; --                  ; 00:00:18                           ;
+---------------------------+--------------+-------------------------+---------------------+------------------------------------+


+--------------------------------------------------------------------------------------------+
; Flow OS Summary                                                                            ;
+---------------------------+------------------+---------------+------------+----------------+
; Module Name               ; Machine Hostname ; OS Name       ; OS Version ; Processor type ;
+---------------------------+------------------+---------------+------------+----------------+
; Analysis & Synthesis      ; ZY-DELL          ; Windows Vista ; 6.2        ; x86_64         ;
; Fitter                    ; ZY-DELL          ; Windows Vista ; 6.2        ; x86_64         ;
; Assembler                 ; ZY-DELL          ; Windows Vista ; 6.2        ; x86_64         ;
; TimeQuest Timing Analyzer ; ZY-DELL          ; Windows Vista ; 6.2        ; x86_64         ;
+---------------------------+------------------+---------------+------------+----------------+


------------
; Flow Log ;
------------
quartus_map --read_settings_files=on --write_settings_files=off jiaotong -c jiaotong
quartus_fit --read_settings_files=off --write_settings_files=off jiaotong -c jiaotong
quartus_asm --read_settings_files=off --write_settings_files=off jiaotong -c jiaotong
quartus_sta jiaotong -c jiaotong



