Classic Timing Analyzer report for jiaotong
Fri May 26 09:07:37 2017
Quartus II Version 9.0 Build 132 02/25/2009 SJ Web Edition


---------------------
; Table of Contents ;
---------------------
  1. Legal Notice
  2. Timing Analyzer Summary
  3. Timing Analyzer Settings
  4. Clock Settings Summary
  5. Parallel Compilation
  6. Clock Setup: 'clk'
  7. tco
  8. Timing Analyzer Messages



----------------
; Legal Notice ;
----------------
Copyright (C) 1991-2009 Altera Corporation
Your use of Altera Corporation's design tools, logic functions 
and other software and tools, and its AMPP partner logic 
functions, and any output files from any of the foregoing 
(including device programming or simulation files), and any 
associated documentation or information are expressly subject 
to the terms and conditions of the Altera Program License 
Subscription Agreement, Altera MegaCore Function License 
Agreement, or other applicable license agreement, including, 
without limitation, that your use is for the sole purpose of 
programming logic devices manufactured by Altera and sold by 
Altera or its authorized distributors.  Please refer to the 
applicable agreement for further details.



+------------------------------------------------------------------------------------------------------------------------------------------------------+
; Timing Analyzer Summary                                                                                                                              ;
+------------------------------+-------+---------------+----------------------------------+--------------+------+------------+----------+--------------+
; Type                         ; Slack ; Required Time ; Actual Time                      ; From         ; To   ; From Clock ; To Clock ; Failed Paths ;
+------------------------------+-------+---------------+----------------------------------+--------------+------+------------+----------+--------------+
; Worst-case tco               ; N/A   ; None          ; 15.405 ns                        ; L9~reg0      ; L9   ; clk        ; --       ; 0            ;
; Clock Setup: 'clk'           ; N/A   ; None          ; 159.90 MHz ( period = 6.254 ns ) ; TIMECOUNT[5] ; LED2 ; clk        ; clk      ; 0            ;
; Total number of failed paths ;       ;               ;                                  ;              ;      ;            ;          ; 0            ;
+------------------------------+-------+---------------+----------------------------------+--------------+------+------------+----------+--------------+


+--------------------------------------------------------------------------------------------------------------------+
; Timing Analyzer Settings                                                                                           ;
+---------------------------------------------------------------------+--------------------+------+----+-------------+
; Option                                                              ; Setting            ; From ; To ; Entity Name ;
+---------------------------------------------------------------------+--------------------+------+----+-------------+
; Device Name                                                         ; EP2C5Q208C8        ;      ;    ;             ;
; Timing Models                                                       ; Final              ;      ;    ;             ;
; Default hold multicycle                                             ; Same as Multicycle ;      ;    ;             ;
; Cut paths between unrelated clock domains                           ; On                 ;      ;    ;             ;
; Cut off read during write signal paths                              ; On                 ;      ;    ;             ;
; Cut off feedback from I/O pins                                      ; On                 ;      ;    ;             ;
; Report Combined Fast/Slow Timing                                    ; Off                ;      ;    ;             ;
; Ignore Clock Settings                                               ; Off                ;      ;    ;             ;
; Analyze latches as synchronous elements                             ; On                 ;      ;    ;             ;
; Enable Recovery/Removal analysis                                    ; Off                ;      ;    ;             ;
; Enable Clock Latency                                                ; Off                ;      ;    ;             ;
; Use TimeQuest Timing Analyzer                                       ; Off                ;      ;    ;             ;
; Minimum Core Junction Temperature                                   ; 0                  ;      ;    ;             ;
; Maximum Core Junction Temperature                                   ; 85                 ;      ;    ;             ;
; Number of source nodes to report per destination node               ; 10                 ;      ;    ;             ;
; Number of destination nodes to report                               ; 10                 ;      ;    ;             ;
; Number of paths to report                                           ; 200                ;      ;    ;             ;
; Report Minimum Timing Checks                                        ; Off                ;      ;    ;             ;
; Use Fast Timing Models                                              ; Off                ;      ;    ;             ;
; Report IO Paths Separately                                          ; Off                ;      ;    ;             ;
; Perform Multicorner Analysis                                        ; On                 ;      ;    ;             ;
; Reports the worst-case path for each clock domain and analysis      ; Off                ;      ;    ;             ;
; Removes common clock path pessimism (CCPP) during slack computation ; Off                ;      ;    ;             ;
; Output I/O Timing Endpoint                                          ; Near End           ;      ;    ;             ;
+---------------------------------------------------------------------+--------------------+------+----+-------------+


+------------------------------------------------------------------------------------------------------------------------------------------------------------------------------------+
; Clock Settings Summary                                                                                                                                                             ;
+-----------------+--------------------+----------+------------------+---------------+--------------+----------+-----------------------+---------------------+--------+--------------+
; Clock Node Name ; Clock Setting Name ; Type     ; Fmax Requirement ; Early Latency ; Late Latency ; Based on ; Multiply Base Fmax by ; Divide Base Fmax by ; Offset ; Phase offset ;
+-----------------+--------------------+----------+------------------+---------------+--------------+----------+-----------------------+---------------------+--------+--------------+
; clk             ;                    ; User Pin ; None             ; 0.000 ns      ; 0.000 ns     ; --       ; N/A                   ; N/A                 ; N/A    ;              ;
+-----------------+--------------------+----------+------------------+---------------+--------------+----------+-----------------------+---------------------+--------+--------------+


Parallel compilation was disabled, but you have multiple processors available. Enable parallel compilation to reduce compilation time.
+-------------------------------------+
; Parallel Compilation                ;
+----------------------------+--------+
; Processors                 ; Number ;
+----------------------------+--------+
; Number detected on machine ; 2      ;
; Maximum allowed            ; 1      ;
+----------------------------+--------+


+----------------------------------------------------------------------------------------------------------------------------------------------------------------------------------------------------------------------------------------------+
; Clock Setup: 'clk'                                                                                                                                                                                                                           ;
+-----------------------------------------+-----------------------------------------------------+-------------------+--------------+------------+----------+-----------------------------+---------------------------+-------------------------+
; Slack                                   ; Actual fmax (period)                                ; From              ; To           ; From Clock ; To Clock ; Required Setup Relationship ; Required Longest P2P Time ; Actual Longest P2P Time ;
+-----------------------------------------+-----------------------------------------------------+-------------------+--------------+------------+----------+-----------------------------+---------------------------+-------------------------+
; N/A                                     ; 159.90 MHz ( period = 6.254 ns )                    ; TIMECOUNT[5]      ; LED2         ; clk        ; clk      ; None                        ; None                      ; 4.966 ns                ;
; N/A                                     ; 160.08 MHz ( period = 6.247 ns )                    ; TIMECOUNT[5]      ; LED3         ; clk        ; clk      ; None                        ; None                      ; 4.959 ns                ;
; N/A                                     ; 161.13 MHz ( period = 6.206 ns )                    ; TIMECOUNT[7]      ; LED2         ; clk        ; clk      ; None                        ; None                      ; 4.918 ns                ;
; N/A                                     ; 161.32 MHz ( period = 6.199 ns )                    ; TIMECOUNT[7]      ; LED3         ; clk        ; clk      ; None                        ; None                      ; 4.911 ns                ;
; N/A                                     ; 162.63 MHz ( period = 6.149 ns )                    ; TIMECOUNT[3]      ; LED2         ; clk        ; clk      ; None                        ; None                      ; 4.861 ns                ;
; N/A                                     ; 162.81 MHz ( period = 6.142 ns )                    ; TIMECOUNT[3]      ; LED3         ; clk        ; clk      ; None                        ; None                      ; 4.854 ns                ;
; N/A                                     ; 163.08 MHz ( period = 6.132 ns )                    ; TIMECOUNT[5]      ; LED4         ; clk        ; clk      ; None                        ; None                      ; 4.846 ns                ;
; N/A                                     ; 165.62 MHz ( period = 6.038 ns )                    ; TIMECOUNT[8]      ; LED2         ; clk        ; clk      ; None                        ; None                      ; 4.750 ns                ;
; N/A                                     ; 165.81 MHz ( period = 6.031 ns )                    ; TIMECOUNT[8]      ; LED3         ; clk        ; clk      ; None                        ; None                      ; 4.743 ns                ;
; N/A                                     ; 165.92 MHz ( period = 6.027 ns )                    ; TIMECOUNT[3]      ; LED4         ; clk        ; clk      ; None                        ; None                      ; 4.741 ns                ;
; N/A                                     ; 166.86 MHz ( period = 5.993 ns )                    ; TIMECOUNT[0]      ; LED2         ; clk        ; clk      ; None                        ; None                      ; 4.705 ns                ;
; N/A                                     ; 167.06 MHz ( period = 5.986 ns )                    ; TIMECOUNT[0]      ; LED3         ; clk        ; clk      ; None                        ; None                      ; 4.698 ns                ;
; N/A                                     ; 169.12 MHz ( period = 5.913 ns )                    ; TIMECOUNT[1]      ; LED2         ; clk        ; clk      ; None                        ; None                      ; 4.627 ns                ;
; N/A                                     ; 169.32 MHz ( period = 5.906 ns )                    ; TIMECOUNT[1]      ; LED3         ; clk        ; clk      ; None                        ; None                      ; 4.620 ns                ;
; N/A                                     ; 169.95 MHz ( period = 5.884 ns )                    ; TIMECOUNT[4]      ; LED2         ; clk        ; clk      ; None                        ; None                      ; 4.596 ns                ;
; N/A                                     ; 170.53 MHz ( period = 5.864 ns )                    ; TIMECOUNT[6]      ; LED2         ; clk        ; clk      ; None                        ; None                      ; 4.576 ns                ;
; N/A                                     ; 170.74 MHz ( period = 5.857 ns )                    ; TIMECOUNT[6]      ; LED3         ; clk        ; clk      ; None                        ; None                      ; 4.569 ns                ;
; N/A                                     ; 171.76 MHz ( period = 5.822 ns )                    ; cnt[4]            ; clk5K        ; clk        ; clk      ; None                        ; None                      ; 5.882 ns                ;
; N/A                                     ; 172.68 MHz ( period = 5.791 ns )                    ; TIMECOUNT[1]      ; LED4         ; clk        ; clk      ; None                        ; None                      ; 4.507 ns                ;
; N/A                                     ; 173.01 MHz ( period = 5.780 ns )                    ; TIMECOUNT[5]      ; LED1         ; clk        ; clk      ; None                        ; None                      ; 4.494 ns                ;
; N/A                                     ; 173.25 MHz ( period = 5.772 ns )                    ; TIMECOUNT[4]      ; LED3         ; clk        ; clk      ; None                        ; None                      ; 4.484 ns                ;
; N/A                                     ; 174.00 MHz ( period = 5.747 ns )                    ; TIMECOUNT[2]      ; LED2         ; clk        ; clk      ; None                        ; None                      ; 4.461 ns                ;
; N/A                                     ; 174.22 MHz ( period = 5.740 ns )                    ; TIMECOUNT[2]      ; LED3         ; clk        ; clk      ; None                        ; None                      ; 4.454 ns                ;
; N/A                                     ; 175.04 MHz ( period = 5.713 ns )                    ; cnt[5]            ; clk5K        ; clk        ; clk      ; None                        ; None                      ; 5.774 ns                ;
; N/A                                     ; 176.21 MHz ( period = 5.675 ns )                    ; TIMECOUNT[3]      ; LED1         ; clk        ; clk      ; None                        ; None                      ; 4.389 ns                ;
; N/A                                     ; 176.77 MHz ( period = 5.657 ns )                    ; TIMECOUNT[4]      ; LED4         ; clk        ; clk      ; None                        ; None                      ; 4.371 ns                ;
; N/A                                     ; 177.46 MHz ( period = 5.635 ns )                    ; cnt1[0]           ; clk1         ; clk        ; clk      ; None                        ; None                      ; 3.803 ns                ;
; N/A                                     ; 177.78 MHz ( period = 5.625 ns )                    ; cnt[12]           ; clk5K        ; clk        ; clk      ; None                        ; None                      ; 5.686 ns                ;
; N/A                                     ; 177.78 MHz ( period = 5.625 ns )                    ; TIMECOUNT[2]      ; LED4         ; clk        ; clk      ; None                        ; None                      ; 4.341 ns                ;
; N/A                                     ; 178.70 MHz ( period = 5.596 ns )                    ; cnt[7]            ; clk5K        ; clk        ; clk      ; None                        ; None                      ; 5.657 ns                ;
; N/A                                     ; 180.47 MHz ( period = 5.541 ns )                    ; TIMECOUNT[0]      ; LED4         ; clk        ; clk      ; None                        ; None                      ; 4.255 ns                ;
; N/A                                     ; 180.60 MHz ( period = 5.537 ns )                    ; cnt1[4]           ; clk1         ; clk        ; clk      ; None                        ; None                      ; 3.705 ns                ;
; N/A                                     ; 181.16 MHz ( period = 5.520 ns )                    ; TIMECOUNT[7]      ; LED4         ; clk        ; clk      ; None                        ; None                      ; 4.234 ns                ;
; N/A                                     ; 182.25 MHz ( period = 5.487 ns )                    ; cnt1[3]           ; clk1         ; clk        ; clk      ; None                        ; None                      ; 3.655 ns                ;
; N/A                                     ; 182.28 MHz ( period = 5.486 ns )                    ; cnt1[1]           ; clk1         ; clk        ; clk      ; None                        ; None                      ; 3.654 ns                ;
; N/A                                     ; 182.92 MHz ( period = 5.467 ns )                    ; cnt1[2]           ; clk1         ; clk        ; clk      ; None                        ; None                      ; 3.635 ns                ;
; N/A                                     ; 183.39 MHz ( period = 5.453 ns )                    ; cnt[8]            ; clk5K        ; clk        ; clk      ; None                        ; None                      ; 5.513 ns                ;
; N/A                                     ; 183.59 MHz ( period = 5.447 ns )                    ; cnt[10]           ; clk5K        ; clk        ; clk      ; None                        ; None                      ; 5.507 ns                ;
; N/A                                     ; 183.65 MHz ( period = 5.445 ns )                    ; cnt[13]           ; clk5K        ; clk        ; clk      ; None                        ; None                      ; 5.505 ns                ;
; N/A                                     ; 183.86 MHz ( period = 5.439 ns )                    ; TIMECOUNT[1]      ; LED1         ; clk        ; clk      ; None                        ; None                      ; 4.155 ns                ;
; N/A                                     ; 186.01 MHz ( period = 5.376 ns )                    ; cnt[3]            ; clk5K        ; clk        ; clk      ; None                        ; None                      ; 5.437 ns                ;
; N/A                                     ; 187.79 MHz ( period = 5.325 ns )                    ; TIMECOUNT[8]      ; LED4         ; clk        ; clk      ; None                        ; None                      ; 4.039 ns                ;
; N/A                                     ; 188.15 MHz ( period = 5.315 ns )                    ; cnt[6]            ; clk5K        ; clk        ; clk      ; None                        ; None                      ; 5.376 ns                ;
; N/A                                     ; 188.29 MHz ( period = 5.311 ns )                    ; TIMECOUNT[0]      ; LED6         ; clk        ; clk      ; None                        ; None                      ; 4.023 ns                ;
; N/A                                     ; 188.50 MHz ( period = 5.305 ns )                    ; TIMECOUNT[4]      ; LED1         ; clk        ; clk      ; None                        ; None                      ; 4.019 ns                ;
; N/A                                     ; 188.61 MHz ( period = 5.302 ns )                    ; TIMECOUNT[5]      ; LED6         ; clk        ; clk      ; None                        ; None                      ; 4.014 ns                ;
; N/A                                     ; 189.36 MHz ( period = 5.281 ns )                    ; cnt[0]            ; clk5K        ; clk        ; clk      ; None                        ; None                      ; 5.342 ns                ;
; N/A                                     ; 189.65 MHz ( period = 5.273 ns )                    ; TIMECOUNT[2]      ; LED1         ; clk        ; clk      ; None                        ; None                      ; 3.989 ns                ;
; N/A                                     ; 189.68 MHz ( period = 5.272 ns )                    ; TIMECOUNT[5]      ; LED5         ; clk        ; clk      ; None                        ; None                      ; 3.984 ns                ;
; N/A                                     ; 190.11 MHz ( period = 5.260 ns )                    ; cnt[11]           ; clk5K        ; clk        ; clk      ; None                        ; None                      ; 5.321 ns                ;
; N/A                                     ; 191.39 MHz ( period = 5.225 ns )                    ; TIMECOUNT[4]      ; LED5         ; clk        ; clk      ; None                        ; None                      ; 3.937 ns                ;
; N/A                                     ; 191.42 MHz ( period = 5.224 ns )                    ; TIMECOUNT[1]      ; LED6         ; clk        ; clk      ; None                        ; None                      ; 3.938 ns                ;
; N/A                                     ; 191.57 MHz ( period = 5.220 ns )                    ; cnt[2]            ; clk5K        ; clk        ; clk      ; None                        ; None                      ; 5.281 ns                ;
; N/A                                     ; 192.42 MHz ( period = 5.197 ns )                    ; TIMECOUNT[3]      ; LED6         ; clk        ; clk      ; None                        ; None                      ; 3.909 ns                ;
; N/A                                     ; 192.49 MHz ( period = 5.195 ns )                    ; cnt[1]            ; clk5K        ; clk        ; clk      ; None                        ; None                      ; 5.256 ns                ;
; N/A                                     ; 192.53 MHz ( period = 5.194 ns )                    ; cnt[9]            ; clk5K        ; clk        ; clk      ; None                        ; None                      ; 5.254 ns                ;
; N/A                                     ; 193.50 MHz ( period = 5.168 ns )                    ; TIMECOUNT[7]      ; LED1         ; clk        ; clk      ; None                        ; None                      ; 3.882 ns                ;
; N/A                                     ; 200.28 MHz ( period = 4.993 ns )                    ; TIMECOUNT[3]      ; LED5         ; clk        ; clk      ; None                        ; None                      ; 3.705 ns                ;
; N/A                                     ; 201.09 MHz ( period = 4.973 ns )                    ; TIMECOUNT[8]      ; LED1         ; clk        ; clk      ; None                        ; None                      ; 3.687 ns                ;
; N/A                                     ; 201.33 MHz ( period = 4.967 ns )                    ; TIMECOUNT[5]      ; TIMECOUNT[6] ; clk        ; clk      ; None                        ; None                      ; 4.703 ns                ;
; N/A                                     ; 201.61 MHz ( period = 4.960 ns )                    ; TIMECOUNT[0]      ; TIMECOUNT[1] ; clk        ; clk      ; None                        ; None                      ; 4.694 ns                ;
; N/A                                     ; 205.68 MHz ( period = 4.862 ns )                    ; TIMECOUNT[3]      ; TIMECOUNT[6] ; clk        ; clk      ; None                        ; None                      ; 4.598 ns                ;
; N/A                                     ; 205.76 MHz ( period = 4.860 ns )                    ; TIMECOUNT[7]      ; LED6         ; clk        ; clk      ; None                        ; None                      ; 3.572 ns                ;
; N/A                                     ; 206.78 MHz ( period = 4.836 ns )                    ; TIMECOUNT[6]      ; LED5         ; clk        ; clk      ; None                        ; None                      ; 3.548 ns                ;
; N/A                                     ; 207.17 MHz ( period = 4.827 ns )                    ; TIMECOUNT[4]      ; LED6         ; clk        ; clk      ; None                        ; None                      ; 3.539 ns                ;
; N/A                                     ; 208.46 MHz ( period = 4.797 ns )                    ; TIMECOUNT[2]      ; LED5         ; clk        ; clk      ; None                        ; None                      ; 3.511 ns                ;
; N/A                                     ; 209.25 MHz ( period = 4.779 ns )                    ; cnt1[5]           ; clk1         ; clk        ; clk      ; None                        ; None                      ; 2.947 ns                ;
; N/A                                     ; 210.44 MHz ( period = 4.752 ns )                    ; TIMECOUNT[2]      ; LED6         ; clk        ; clk      ; None                        ; None                      ; 3.466 ns                ;
; N/A                                     ; 214.36 MHz ( period = 4.665 ns )                    ; TIMECOUNT[8]      ; LED6         ; clk        ; clk      ; None                        ; None                      ; 3.377 ns                ;
; N/A                                     ; 215.52 MHz ( period = 4.640 ns )                    ; TIMECOUNT[7]      ; LED5         ; clk        ; clk      ; None                        ; None                      ; 3.352 ns                ;
; N/A                                     ; 217.06 MHz ( period = 4.607 ns )                    ; TIMECOUNT[1]      ; TIMECOUNT[1] ; clk        ; clk      ; None                        ; None                      ; 4.343 ns                ;
; N/A                                     ; 217.91 MHz ( period = 4.589 ns )                    ; TIMECOUNT[5]      ; TIMECOUNT[2] ; clk        ; clk      ; None                        ; None                      ; 4.323 ns                ;
; N/A                                     ; 217.96 MHz ( period = 4.588 ns )                    ; TIMECOUNT[5]      ; TIMECOUNT[1] ; clk        ; clk      ; None                        ; None                      ; 4.322 ns                ;
; N/A                                     ; 218.25 MHz ( period = 4.582 ns )                    ; TIMECOUNT[6]      ; LED4         ; clk        ; clk      ; None                        ; None                      ; 3.296 ns                ;
; N/A                                     ; 218.53 MHz ( period = 4.576 ns )                    ; TIMECOUNT[6]      ; LED6         ; clk        ; clk      ; None                        ; None                      ; 3.288 ns                ;
; N/A                                     ; 222.62 MHz ( period = 4.492 ns )                    ; TIMECOUNT[4]      ; TIMECOUNT[6] ; clk        ; clk      ; None                        ; None                      ; 4.228 ns                ;
; N/A                                     ; 222.67 MHz ( period = 4.491 ns )                    ; TIMECOUNT[1]      ; TIMECOUNT[2] ; clk        ; clk      ; None                        ; None                      ; 4.227 ns                ;
; N/A                                     ; 223.02 MHz ( period = 4.484 ns )                    ; TIMECOUNT[3]      ; TIMECOUNT[2] ; clk        ; clk      ; None                        ; None                      ; 4.218 ns                ;
; N/A                                     ; 223.06 MHz ( period = 4.483 ns )                    ; TIMECOUNT[3]      ; TIMECOUNT[1] ; clk        ; clk      ; None                        ; None                      ; 4.217 ns                ;
; N/A                                     ; 223.41 MHz ( period = 4.476 ns )                    ; TIMECOUNT[1]      ; LED5         ; clk        ; clk      ; None                        ; None                      ; 3.190 ns                ;
; N/A                                     ; 224.67 MHz ( period = 4.451 ns )                    ; TIMECOUNT[0]      ; TIMECOUNT[2] ; clk        ; clk      ; None                        ; None                      ; 4.185 ns                ;
; N/A                                     ; 224.67 MHz ( period = 4.451 ns )                    ; clkS              ; LED2         ; clk        ; clk      ; None                        ; None                      ; 4.185 ns                ;
; N/A                                     ; 224.97 MHz ( period = 4.445 ns )                    ; TIMECOUNT[8]      ; LED5         ; clk        ; clk      ; None                        ; None                      ; 3.157 ns                ;
; N/A                                     ; 225.23 MHz ( period = 4.440 ns )                    ; clkS              ; LED4         ; clk        ; clk      ; None                        ; None                      ; 4.176 ns                ;
; N/A                                     ; 226.50 MHz ( period = 4.415 ns )                    ; cnt2[0]           ; clkS         ; clk        ; clk      ; None                        ; None                      ; 4.152 ns                ;
; N/A                                     ; 236.41 MHz ( period = 4.230 ns )                    ; TIMECOUNT[6]      ; LED1         ; clk        ; clk      ; None                        ; None                      ; 2.944 ns                ;
; N/A                                     ; 239.92 MHz ( period = 4.168 ns )                    ; TIMECOUNT[0]      ; LED1         ; clk        ; clk      ; None                        ; None                      ; 2.882 ns                ;
; N/A                                     ; 240.79 MHz ( period = 4.153 ns )                    ; cnt2[3]           ; clkS         ; clk        ; clk      ; None                        ; None                      ; 3.889 ns                ;
; N/A                                     ; 243.07 MHz ( period = 4.114 ns )                    ; TIMECOUNT[4]      ; TIMECOUNT[2] ; clk        ; clk      ; None                        ; None                      ; 3.848 ns                ;
; N/A                                     ; 243.13 MHz ( period = 4.113 ns )                    ; TIMECOUNT[4]      ; TIMECOUNT[1] ; clk        ; clk      ; None                        ; None                      ; 3.847 ns                ;
; N/A                                     ; 243.61 MHz ( period = 4.105 ns )                    ; TIMECOUNT[7]      ; TIMECOUNT[6] ; clk        ; clk      ; None                        ; None                      ; 3.841 ns                ;
; N/A                                     ; 244.32 MHz ( period = 4.093 ns )                    ; clkS              ; LED6         ; clk        ; clk      ; None                        ; None                      ; 3.827 ns                ;
; N/A                                     ; 244.98 MHz ( period = 4.082 ns )                    ; cnt2[1]           ; clkS         ; clk        ; clk      ; None                        ; None                      ; 3.818 ns                ;
; N/A                                     ; 247.71 MHz ( period = 4.037 ns )                    ; cnt[3]            ; cnt[13]      ; clk        ; clk      ; None                        ; None                      ; 3.774 ns                ;
; N/A                                     ; 251.45 MHz ( period = 3.977 ns )                    ; TIMECOUNT[2]      ; TIMECOUNT[2] ; clk        ; clk      ; None                        ; None                      ; 3.713 ns                ;
; N/A                                     ; 253.23 MHz ( period = 3.949 ns )                    ; cnt[3]            ; cnt[10]      ; clk        ; clk      ; None                        ; None                      ; 3.686 ns                ;
; N/A                                     ; 253.68 MHz ( period = 3.942 ns )                    ; cnt[0]            ; cnt[13]      ; clk        ; clk      ; None                        ; None                      ; 3.679 ns                ;
; N/A                                     ; 254.32 MHz ( period = 3.932 ns )                    ; cnt2[2]           ; clkS         ; clk        ; clk      ; None                        ; None                      ; 3.668 ns                ;
; N/A                                     ; 255.04 MHz ( period = 3.921 ns )                    ; cnt1[6]           ; clk1         ; clk        ; clk      ; None                        ; None                      ; 2.089 ns                ;
; N/A                                     ; 255.04 MHz ( period = 3.921 ns )                    ; clkS              ; LED3         ; clk        ; clk      ; None                        ; None                      ; 3.655 ns                ;
; N/A                                     ; 255.95 MHz ( period = 3.907 ns )                    ; TIMECOUNT[2]      ; TIMECOUNT[1] ; clk        ; clk      ; None                        ; None                      ; 3.643 ns                ;
; N/A                                     ; 257.60 MHz ( period = 3.882 ns )                    ; \process_1:cnt[1] ; clk10        ; clk        ; clk      ; None                        ; None                      ; 2.343 ns                ;
; N/A                                     ; 258.26 MHz ( period = 3.872 ns )                    ; TIMECOUNT[8]      ; TIMECOUNT[6] ; clk        ; clk      ; None                        ; None                      ; 3.608 ns                ;
; N/A                                     ; 258.80 MHz ( period = 3.864 ns )                    ; TIMECOUNT[2]      ; TIMECOUNT[6] ; clk        ; clk      ; None                        ; None                      ; 3.602 ns                ;
; N/A                                     ; 259.34 MHz ( period = 3.856 ns )                    ; cnt[1]            ; cnt[13]      ; clk        ; clk      ; None                        ; None                      ; 3.593 ns                ;
; N/A                                     ; 259.47 MHz ( period = 3.854 ns )                    ; cnt[0]            ; cnt[10]      ; clk        ; clk      ; None                        ; None                      ; 3.591 ns                ;
; N/A                                     ; 260.28 MHz ( period = 3.842 ns )                    ; cnt1[3]           ; cnt1[2]      ; clk        ; clk      ; None                        ; None                      ; 3.578 ns                ;
; N/A                                     ; 260.42 MHz ( period = 3.840 ns )                    ; cnt2[0]           ; cnt2[4]      ; clk        ; clk      ; None                        ; None                      ; 3.576 ns                ;
; N/A                                     ; 261.64 MHz ( period = 3.822 ns )                    ; cnt1[2]           ; cnt1[2]      ; clk        ; clk      ; None                        ; None                      ; 3.558 ns                ;
; N/A                                     ; 262.26 MHz ( period = 3.813 ns )                    ; cnt[4]            ; cnt[13]      ; clk        ; clk      ; None                        ; None                      ; 3.549 ns                ;
; N/A                                     ; 264.34 MHz ( period = 3.783 ns )                    ; cnt[8]            ; cnt[13]      ; clk        ; clk      ; None                        ; None                      ; 3.519 ns                ;
; N/A                                     ; 265.25 MHz ( period = 3.770 ns )                    ; cnt[2]            ; cnt[13]      ; clk        ; clk      ; None                        ; None                      ; 3.507 ns                ;
; N/A                                     ; 265.32 MHz ( period = 3.769 ns )                    ; cnt1[4]           ; cnt1[2]      ; clk        ; clk      ; None                        ; None                      ; 3.505 ns                ;
; N/A                                     ; 265.39 MHz ( period = 3.768 ns )                    ; cnt[1]            ; cnt[10]      ; clk        ; clk      ; None                        ; None                      ; 3.505 ns                ;
; N/A                                     ; 266.24 MHz ( period = 3.756 ns )                    ; cnt[4]            ; cnt[9]       ; clk        ; clk      ; None                        ; None                      ; 3.492 ns                ;
; N/A                                     ; 266.31 MHz ( period = 3.755 ns )                    ; cnt[4]            ; cnt[8]       ; clk        ; clk      ; None                        ; None                      ; 3.491 ns                ;
; N/A                                     ; 268.31 MHz ( period = 3.727 ns )                    ; TIMECOUNT[7]      ; TIMECOUNT[2] ; clk        ; clk      ; None                        ; None                      ; 3.461 ns                ;
; N/A                                     ; 268.38 MHz ( period = 3.726 ns )                    ; TIMECOUNT[7]      ; TIMECOUNT[1] ; clk        ; clk      ; None                        ; None                      ; 3.460 ns                ;
; N/A                                     ; 268.46 MHz ( period = 3.725 ns )                    ; cnt[4]            ; cnt[10]      ; clk        ; clk      ; None                        ; None                      ; 3.461 ns                ;
; N/A                                     ; 268.67 MHz ( period = 3.722 ns )                    ; cnt[6]            ; cnt[13]      ; clk        ; clk      ; None                        ; None                      ; 3.459 ns                ;
; N/A                                     ; 270.49 MHz ( period = 3.697 ns )                    ; cnt[3]            ; cnt[9]       ; clk        ; clk      ; None                        ; None                      ; 3.434 ns                ;
; N/A                                     ; 270.64 MHz ( period = 3.695 ns )                    ; cnt[8]            ; cnt[10]      ; clk        ; clk      ; None                        ; None                      ; 3.431 ns                ;
; N/A                                     ; 271.59 MHz ( period = 3.682 ns )                    ; cnt[2]            ; cnt[10]      ; clk        ; clk      ; None                        ; None                      ; 3.419 ns                ;
; N/A                                     ; 273.75 MHz ( period = 3.653 ns )                    ; \process_1:cnt[2] ; clk10        ; clk        ; clk      ; None                        ; None                      ; 2.114 ns                ;
; N/A                                     ; 274.12 MHz ( period = 3.648 ns )                    ; cnt[5]            ; cnt[13]      ; clk        ; clk      ; None                        ; None                      ; 3.385 ns                ;
; N/A                                     ; 274.20 MHz ( period = 3.647 ns )                    ; cnt[5]            ; cnt[9]       ; clk        ; clk      ; None                        ; None                      ; 3.384 ns                ;
; N/A                                     ; 274.27 MHz ( period = 3.646 ns )                    ; cnt[5]            ; cnt[8]       ; clk        ; clk      ; None                        ; None                      ; 3.383 ns                ;
; N/A                                     ; 275.03 MHz ( period = 3.636 ns )                    ; \process_1:cnt[3] ; clk10        ; clk        ; clk      ; None                        ; None                      ; 2.097 ns                ;
; N/A                                     ; 275.18 MHz ( period = 3.634 ns )                    ; cnt[6]            ; cnt[10]      ; clk        ; clk      ; None                        ; None                      ; 3.371 ns                ;
; N/A                                     ; 276.17 MHz ( period = 3.621 ns )                    ; cnt[3]            ; cnt[4]       ; clk        ; clk      ; None                        ; None                      ; 3.358 ns                ;
; N/A                                     ; 276.70 MHz ( period = 3.614 ns )                    ; cnt[7]            ; cnt[13]      ; clk        ; clk      ; None                        ; None                      ; 3.351 ns                ;
; N/A                                     ; 277.16 MHz ( period = 3.608 ns )                    ; \process_1:cnt[0] ; clk10        ; clk        ; clk      ; None                        ; None                      ; 2.069 ns                ;
; N/A                                     ; 277.39 MHz ( period = 3.605 ns )                    ; TIMECOUNT[1]      ; TIMECOUNT[6] ; clk        ; clk      ; None                        ; None                      ; 3.343 ns                ;
; N/A                                     ; 277.62 MHz ( period = 3.602 ns )                    ; cnt[0]            ; cnt[9]       ; clk        ; clk      ; None                        ; None                      ; 3.339 ns                ;
; N/A                                     ; 278.78 MHz ( period = 3.587 ns )                    ; cnt[3]            ; cnt[8]       ; clk        ; clk      ; None                        ; None                      ; 3.324 ns                ;
; N/A                                     ; 279.49 MHz ( period = 3.578 ns )                    ; cnt2[3]           ; cnt2[4]      ; clk        ; clk      ; None                        ; None                      ; 3.313 ns                ;
; N/A                                     ; 280.35 MHz ( period = 3.567 ns )                    ; TIMECOUNT[6]      ; TIMECOUNT[6] ; clk        ; clk      ; None                        ; None                      ; 3.303 ns                ;
; N/A                                     ; 280.50 MHz ( period = 3.565 ns )                    ; TIMECOUNT[0]      ; TIMECOUNT[6] ; clk        ; clk      ; None                        ; None                      ; 3.301 ns                ;
; N/A                                     ; 280.90 MHz ( period = 3.560 ns )                    ; cnt[12]           ; cnt[13]      ; clk        ; clk      ; None                        ; None                      ; 3.297 ns                ;
; N/A                                     ; 280.98 MHz ( period = 3.559 ns )                    ; cnt[12]           ; cnt[9]       ; clk        ; clk      ; None                        ; None                      ; 3.296 ns                ;
; N/A                                     ; 281.06 MHz ( period = 3.558 ns )                    ; cnt[12]           ; cnt[8]       ; clk        ; clk      ; None                        ; None                      ; 3.295 ns                ;
; N/A                                     ; 283.29 MHz ( period = 3.530 ns )                    ; cnt[7]            ; cnt[9]       ; clk        ; clk      ; None                        ; None                      ; 3.267 ns                ;
; N/A                                     ; 283.37 MHz ( period = 3.529 ns )                    ; cnt[7]            ; cnt[8]       ; clk        ; clk      ; None                        ; None                      ; 3.266 ns                ;
; N/A                                     ; 283.61 MHz ( period = 3.526 ns )                    ; cnt[7]            ; cnt[10]      ; clk        ; clk      ; None                        ; None                      ; 3.263 ns                ;
; N/A                                     ; 283.61 MHz ( period = 3.526 ns )                    ; cnt[0]            ; cnt[4]       ; clk        ; clk      ; None                        ; None                      ; 3.263 ns                ;
; N/A                                     ; 284.41 MHz ( period = 3.516 ns )                    ; cnt[1]            ; cnt[9]       ; clk        ; clk      ; None                        ; None                      ; 3.253 ns                ;
; N/A                                     ; 285.14 MHz ( period = 3.507 ns )                    ; cnt2[1]           ; cnt2[4]      ; clk        ; clk      ; None                        ; None                      ; 3.242 ns                ;
; N/A                                     ; 285.39 MHz ( period = 3.504 ns )                    ; \process_1:cnt[4] ; clk10        ; clk        ; clk      ; None                        ; None                      ; 1.965 ns                ;
; N/A                                     ; 286.20 MHz ( period = 3.494 ns )                    ; TIMECOUNT[8]      ; TIMECOUNT[2] ; clk        ; clk      ; None                        ; None                      ; 3.228 ns                ;
; N/A                                     ; 286.29 MHz ( period = 3.493 ns )                    ; TIMECOUNT[8]      ; TIMECOUNT[1] ; clk        ; clk      ; None                        ; None                      ; 3.227 ns                ;
; N/A                                     ; 286.37 MHz ( period = 3.492 ns )                    ; cnt1[3]           ; cnt1[6]      ; clk        ; clk      ; None                        ; None                      ; 3.228 ns                ;
; N/A                                     ; 286.37 MHz ( period = 3.492 ns )                    ; cnt[0]            ; cnt[8]       ; clk        ; clk      ; None                        ; None                      ; 3.229 ns                ;
; N/A                                     ; 286.45 MHz ( period = 3.491 ns )                    ; cnt1[3]           ; cnt1[5]      ; clk        ; clk      ; None                        ; None                      ; 3.227 ns                ;
; N/A                                     ; 286.53 MHz ( period = 3.490 ns )                    ; cnt1[0]           ; cnt1[3]      ; clk        ; clk      ; None                        ; None                      ; 3.226 ns                ;
; N/A                                     ; 287.60 MHz ( period = 3.477 ns )                    ; clkS              ; LED5         ; clk        ; clk      ; None                        ; None                      ; 3.211 ns                ;
; N/A                                     ; 288.02 MHz ( period = 3.472 ns )                    ; cnt1[2]           ; cnt1[6]      ; clk        ; clk      ; None                        ; None                      ; 3.208 ns                ;
; N/A                                     ; 288.10 MHz ( period = 3.471 ns )                    ; cnt1[2]           ; cnt1[5]      ; clk        ; clk      ; None                        ; None                      ; 3.207 ns                ;
; N/A                                     ; 288.85 MHz ( period = 3.462 ns )                    ; cnt1[0]           ; cnt1[6]      ; clk        ; clk      ; None                        ; None                      ; 3.198 ns                ;
; N/A                                     ; 290.36 MHz ( period = 3.444 ns )                    ; cnt[4]            ; cnt[4]       ; clk        ; clk      ; None                        ; None                      ; 3.180 ns                ;
; N/A                                     ; 290.44 MHz ( period = 3.443 ns )                    ; cnt[8]            ; cnt[9]       ; clk        ; clk      ; None                        ; None                      ; 3.179 ns                ;
; N/A                                     ; 290.70 MHz ( period = 3.440 ns )                    ; cnt[1]            ; cnt[4]       ; clk        ; clk      ; None                        ; None                      ; 3.177 ns                ;
; N/A                                     ; 291.55 MHz ( period = 3.430 ns )                    ; cnt[2]            ; cnt[9]       ; clk        ; clk      ; None                        ; None                      ; 3.167 ns                ;
; N/A                                     ; 291.89 MHz ( period = 3.426 ns )                    ; cnt[5]            ; cnt[10]      ; clk        ; clk      ; None                        ; None                      ; 3.163 ns                ;
; N/A                                     ; 292.48 MHz ( period = 3.419 ns )                    ; cnt1[4]           ; cnt1[6]      ; clk        ; clk      ; None                        ; None                      ; 3.155 ns                ;
; N/A                                     ; 292.57 MHz ( period = 3.418 ns )                    ; cnt1[4]           ; cnt1[5]      ; clk        ; clk      ; None                        ; None                      ; 3.154 ns                ;
; N/A                                     ; 293.17 MHz ( period = 3.411 ns )                    ; cnt[9]            ; cnt[13]      ; clk        ; clk      ; None                        ; None                      ; 3.147 ns                ;
; N/A                                     ; 293.60 MHz ( period = 3.406 ns )                    ; cnt[1]            ; cnt[8]       ; clk        ; clk      ; None                        ; None                      ; 3.143 ns                ;
; N/A                                     ; 295.33 MHz ( period = 3.386 ns )                    ; cnt[8]            ; cnt[8]       ; clk        ; clk      ; None                        ; None                      ; 3.122 ns                ;
; N/A                                     ; 295.68 MHz ( period = 3.382 ns )                    ; cnt[10]           ; cnt[13]      ; clk        ; clk      ; None                        ; None                      ; 3.118 ns                ;
; N/A                                     ; 295.68 MHz ( period = 3.382 ns )                    ; cnt[6]            ; cnt[9]       ; clk        ; clk      ; None                        ; None                      ; 3.119 ns                ;
; N/A                                     ; 295.77 MHz ( period = 3.381 ns )                    ; cnt[10]           ; cnt[9]       ; clk        ; clk      ; None                        ; None                      ; 3.117 ns                ;
; N/A                                     ; 295.86 MHz ( period = 3.380 ns )                    ; cnt[13]           ; cnt[13]      ; clk        ; clk      ; None                        ; None                      ; 3.116 ns                ;
; N/A                                     ; 295.86 MHz ( period = 3.380 ns )                    ; cnt[10]           ; cnt[8]       ; clk        ; clk      ; None                        ; None                      ; 3.116 ns                ;
; N/A                                     ; 295.95 MHz ( period = 3.379 ns )                    ; cnt[13]           ; cnt[9]       ; clk        ; clk      ; None                        ; None                      ; 3.115 ns                ;
; N/A                                     ; 296.03 MHz ( period = 3.378 ns )                    ; cnt[13]           ; cnt[8]       ; clk        ; clk      ; None                        ; None                      ; 3.114 ns                ;
; N/A                                     ; 296.03 MHz ( period = 3.378 ns )                    ; cnt[3]            ; cnt[5]       ; clk        ; clk      ; None                        ; None                      ; 3.114 ns                ;
; N/A                                     ; 297.09 MHz ( period = 3.366 ns )                    ; cnt1[0]           ; cnt1[5]      ; clk        ; clk      ; None                        ; None                      ; 3.102 ns                ;
; N/A                                     ; 297.53 MHz ( period = 3.361 ns )                    ; cnt1[0]           ; cnt1[1]      ; clk        ; clk      ; None                        ; None                      ; 3.097 ns                ;
; N/A                                     ; 297.89 MHz ( period = 3.357 ns )                    ; cnt2[2]           ; cnt2[4]      ; clk        ; clk      ; None                        ; None                      ; 3.092 ns                ;
; N/A                                     ; 298.15 MHz ( period = 3.354 ns )                    ; cnt[2]            ; cnt[4]       ; clk        ; clk      ; None                        ; None                      ; 3.091 ns                ;
; N/A                                     ; 299.31 MHz ( period = 3.341 ns )                    ; cnt1[1]           ; cnt1[3]      ; clk        ; clk      ; None                        ; None                      ; 3.077 ns                ;
; N/A                                     ; 299.40 MHz ( period = 3.340 ns )                    ; cnt2[0]           ; cnt2[2]      ; clk        ; clk      ; None                        ; None                      ; 3.077 ns                ;
; N/A                                     ; 299.40 MHz ( period = 3.340 ns )                    ; LED6              ; L6~reg0      ; clk        ; clk      ; None                        ; None                      ; 3.092 ns                ;
; N/A                                     ; 299.40 MHz ( period = 3.340 ns )                    ; LED6              ; L12~reg0     ; clk        ; clk      ; None                        ; None                      ; 3.092 ns                ;
; N/A                                     ; 299.85 MHz ( period = 3.335 ns )                    ; cnt[5]            ; cnt[4]       ; clk        ; clk      ; None                        ; None                      ; 3.072 ns                ;
; N/A                                     ; 299.94 MHz ( period = 3.334 ns )                    ; \process_1:cnt[5] ; clk10        ; clk        ; clk      ; None                        ; None                      ; 1.795 ns                ;
; N/A                                     ; 300.93 MHz ( period = 3.323 ns )                    ; cnt[9]            ; cnt[10]      ; clk        ; clk      ; None                        ; None                      ; 3.059 ns                ;
; N/A                                     ; 301.20 MHz ( period = 3.320 ns )                    ; cnt[2]            ; cnt[8]       ; clk        ; clk      ; None                        ; None                      ; 3.057 ns                ;
; N/A                                     ; 301.84 MHz ( period = 3.313 ns )                    ; cnt1[1]           ; cnt1[6]      ; clk        ; clk      ; None                        ; None                      ; 3.049 ns                ;
; N/A                                     ; 302.94 MHz ( period = 3.301 ns )                    ; TIMECOUNT[1]      ; TIMECOUNT[8] ; clk        ; clk      ; None                        ; None                      ; 3.039 ns                ;
; N/A                                     ; 304.60 MHz ( period = 3.283 ns )                    ; cnt[0]            ; cnt[5]       ; clk        ; clk      ; None                        ; None                      ; 3.019 ns                ;
; N/A                                     ; 304.97 MHz ( period = 3.279 ns )                    ; cnt1[2]           ; cnt1[3]      ; clk        ; clk      ; None                        ; None                      ; 3.015 ns                ;
; N/A                                     ; 305.62 MHz ( period = 3.272 ns )                    ; cnt[6]            ; cnt[8]       ; clk        ; clk      ; None                        ; None                      ; 3.009 ns                ;
; N/A                                     ; 306.65 MHz ( period = 3.261 ns )                    ; TIMECOUNT[0]      ; TIMECOUNT[8] ; clk        ; clk      ; None                        ; None                      ; 2.997 ns                ;
; N/A                                     ; 306.94 MHz ( period = 3.258 ns )                    ; cnt2[4]           ; clkS         ; clk        ; clk      ; None                        ; None                      ; 2.995 ns                ;
; N/A                                     ; 307.79 MHz ( period = 3.249 ns )                    ; cnt[12]           ; cnt[10]      ; clk        ; clk      ; None                        ; None                      ; 2.986 ns                ;
; N/A                                     ; 307.98 MHz ( period = 3.247 ns )                    ; cnt[12]           ; cnt[4]       ; clk        ; clk      ; None                        ; None                      ; 2.984 ns                ;
; N/A                                     ; 310.17 MHz ( period = 3.224 ns )                    ; cnt1[1]           ; cnt1[2]      ; clk        ; clk      ; None                        ; None                      ; 2.960 ns                ;
; N/A                                     ; 310.75 MHz ( period = 3.218 ns )                    ; cnt[7]            ; cnt[4]       ; clk        ; clk      ; None                        ; None                      ; 2.955 ns                ;
; N/A                                     ; 310.85 MHz ( period = 3.217 ns )                    ; cnt1[1]           ; cnt1[5]      ; clk        ; clk      ; None                        ; None                      ; 2.953 ns                ;
; Timing analysis restricted to 200 rows. ; To change the limit use Settings (Assignments menu) ;                   ;              ;            ;          ;                             ;                           ;                         ;
+-----------------------------------------+-----------------------------------------------------+-------------------+--------------+------------+----------+-----------------------------+---------------------------+-------------------------+


+-----------------------------------------------------------------+
; tco                                                             ;
+-------+--------------+------------+----------+-----+------------+
; Slack ; Required tco ; Actual tco ; From     ; To  ; From Clock ;
+-------+--------------+------------+----------+-----+------------+
; N/A   ; None         ; 15.405 ns  ; L9~reg0  ; L9  ; clk        ;
; N/A   ; None         ; 14.457 ns  ; L7~reg0  ; L7  ; clk        ;
; N/A   ; None         ; 13.730 ns  ; L3~reg0  ; L3  ; clk        ;
; N/A   ; None         ; 13.729 ns  ; L8~reg0  ; L8  ; clk        ;
; N/A   ; None         ; 13.650 ns  ; L5~reg0  ; L5  ; clk        ;
; N/A   ; None         ; 13.638 ns  ; L12~reg0 ; L12 ; clk        ;
; N/A   ; None         ; 13.604 ns  ; L11~reg0 ; L11 ; clk        ;
; N/A   ; None         ; 13.333 ns  ; L1~reg0  ; L1  ; clk        ;
; N/A   ; None         ; 13.329 ns  ; L4~reg0  ; L4  ; clk        ;
; N/A   ; None         ; 13.287 ns  ; L2~reg0  ; L2  ; clk        ;
; N/A   ; None         ; 13.217 ns  ; L6~reg0  ; L6  ; clk        ;
; N/A   ; None         ; 13.069 ns  ; L10~reg0 ; L10 ; clk        ;
+-------+--------------+------------+----------+-----+------------+


+--------------------------+
; Timing Analyzer Messages ;
+--------------------------+
Info: *******************************************************************
Info: Running Quartus II Classic Timing Analyzer
    Info: Version 9.0 Build 132 02/25/2009 SJ Web Edition
    Info: Processing started: Fri May 26 09:07:36 2017
Info: Command: quartus_tan --read_settings_files=off --write_settings_files=off jiaotong -c jiaotong --timing_analysis_only
Warning: Found pins functioning as undefined clocks and/or memory enables
    Info: Assuming node "clk" is an undefined clock
Warning: Found 3 node(s) in clock paths which may be acting as ripple and/or gated clocks -- node(s) analyzed as buffer(s) resulting in clock skew
    Info: Detected ripple clock "clk5K" as buffer
    Info: Detected ripple clock "clk10" as buffer
    Info: Detected ripple clock "clk1" as buffer
Info: Clock "clk" has Internal fmax of 159.9 MHz between source register "TIMECOUNT[5]" and destination register "LED2" (period= 6.254 ns)
    Info: + Longest register to register delay is 4.966 ns
        Info: 1: + IC(0.000 ns) + CELL(0.000 ns) = 0.000 ns; Loc. = LCFF_X27_Y7_N11; Fanout = 11; REG Node = 'TIMECOUNT[5]'
        Info: 2: + IC(1.483 ns) + CELL(0.370 ns) = 1.853 ns; Loc. = LCCOMB_X26_Y6_N14; Fanout = 4; COMB Node = 'Equal4~3'
        Info: 3: + IC(0.616 ns) + CELL(0.615 ns) = 3.084 ns; Loc. = LCCOMB_X27_Y6_N8; Fanout = 3; COMB Node = 'process_4~24'
        Info: 4: + IC(0.397 ns) + CELL(0.370 ns) = 3.851 ns; Loc. = LCCOMB_X27_Y6_N0; Fanout = 2; COMB Node = 'Selector1~5'
        Info: 5: + IC(0.383 ns) + CELL(0.624 ns) = 4.858 ns; Loc. = LCCOMB_X27_Y6_N24; Fanout = 1; COMB Node = 'Selector1~6'
        Info: 6: + IC(0.000 ns) + CELL(0.108 ns) = 4.966 ns; Loc. = LCFF_X27_Y6_N25; Fanout = 3; REG Node = 'LED2'
        Info: Total cell delay = 2.087 ns ( 42.03 % )
        Info: Total interconnect delay = 2.879 ns ( 57.97 % )
    Info: - Smallest clock skew is -1.024 ns
        Info: + Shortest clock path from clock "clk" to destination register is 8.347 ns
            Info: 1: + IC(0.000 ns) + CELL(1.140 ns) = 1.140 ns; Loc. = PIN_23; Fanout = 2; CLK Node = 'clk'
            Info: 2: + IC(1.291 ns) + CELL(0.970 ns) = 3.401 ns; Loc. = LCFF_X4_Y5_N1; Fanout = 2; REG Node = 'clk5K'
            Info: 3: + IC(0.690 ns) + CELL(0.970 ns) = 5.061 ns; Loc. = LCFF_X4_Y6_N23; Fanout = 2; REG Node = 'clk10'
            Info: 4: + IC(1.793 ns) + CELL(0.000 ns) = 6.854 ns; Loc. = CLKCTRL_G0; Fanout = 31; COMB Node = 'clk10~clkctrl'
            Info: 5: + IC(0.827 ns) + CELL(0.666 ns) = 8.347 ns; Loc. = LCFF_X27_Y6_N25; Fanout = 3; REG Node = 'LED2'
            Info: Total cell delay = 3.746 ns ( 44.88 % )
            Info: Total interconnect delay = 4.601 ns ( 55.12 % )
        Info: - Longest clock path from clock "clk" to source register is 9.371 ns
            Info: 1: + IC(0.000 ns) + CELL(1.140 ns) = 1.140 ns; Loc. = PIN_23; Fanout = 2; CLK Node = 'clk'
            Info: 2: + IC(1.291 ns) + CELL(0.970 ns) = 3.401 ns; Loc. = LCFF_X4_Y5_N1; Fanout = 2; REG Node = 'clk5K'
            Info: 3: + IC(0.690 ns) + CELL(0.970 ns) = 5.061 ns; Loc. = LCFF_X4_Y6_N23; Fanout = 2; REG Node = 'clk10'
            Info: 4: + IC(1.037 ns) + CELL(0.970 ns) = 7.068 ns; Loc. = LCFF_X1_Y6_N23; Fanout = 1; REG Node = 'clk1'
            Info: 5: + IC(0.808 ns) + CELL(0.000 ns) = 7.876 ns; Loc. = CLKCTRL_G1; Fanout = 9; COMB Node = 'clk1~clkctrl'
            Info: 6: + IC(0.829 ns) + CELL(0.666 ns) = 9.371 ns; Loc. = LCFF_X27_Y7_N11; Fanout = 11; REG Node = 'TIMECOUNT[5]'
            Info: Total cell delay = 4.716 ns ( 50.33 % )
            Info: Total interconnect delay = 4.655 ns ( 49.67 % )
    Info: + Micro clock to output delay of source is 0.304 ns
    Info: + Micro setup delay of destination is -0.040 ns
Info: tco from clock "clk" to destination pin "L9" through register "L9~reg0" is 15.405 ns
    Info: + Longest clock path from clock "clk" to source register is 8.363 ns
        Info: 1: + IC(0.000 ns) + CELL(1.140 ns) = 1.140 ns; Loc. = PIN_23; Fanout = 2; CLK Node = 'clk'
        Info: 2: + IC(1.291 ns) + CELL(0.970 ns) = 3.401 ns; Loc. = LCFF_X4_Y5_N1; Fanout = 2; REG Node = 'clk5K'
        Info: 3: + IC(0.690 ns) + CELL(0.970 ns) = 5.061 ns; Loc. = LCFF_X4_Y6_N23; Fanout = 2; REG Node = 'clk10'
        Info: 4: + IC(1.793 ns) + CELL(0.000 ns) = 6.854 ns; Loc. = CLKCTRL_G0; Fanout = 31; COMB Node = 'clk10~clkctrl'
        Info: 5: + IC(0.843 ns) + CELL(0.666 ns) = 8.363 ns; Loc. = LCFF_X26_Y8_N19; Fanout = 1; REG Node = 'L9~reg0'
        Info: Total cell delay = 3.746 ns ( 44.79 % )
        Info: Total interconnect delay = 4.617 ns ( 55.21 % )
    Info: + Micro clock to output delay of source is 0.304 ns
    Info: + Longest register to pin delay is 6.738 ns
        Info: 1: + IC(0.000 ns) + CELL(0.000 ns) = 0.000 ns; Loc. = LCFF_X26_Y8_N19; Fanout = 1; REG Node = 'L9~reg0'
        Info: 2: + IC(3.642 ns) + CELL(3.096 ns) = 6.738 ns; Loc. = PIN_33; Fanout = 0; PIN Node = 'L9'
        Info: Total cell delay = 3.096 ns ( 45.95 % )
        Info: Total interconnect delay = 3.642 ns ( 54.05 % )
Info: Quartus II Classic Timing Analyzer was successful. 0 errors, 2 warnings
    Info: Peak virtual memory: 196 megabytes
    Info: Processing ended: Fri May 26 09:07:37 2017
    Info: Elapsed time: 00:00:01
    Info: Total CPU time (on all processors): 00:00:00


